<?xml version="1.0" encoding="UTF-8" standalone="no"?>
<testsuite failures="0" name="cucumber.runtime.formatter.JUnitFormatter" skipped="0" tests="1" time="13.189035">
    <testcase classname="[U9]Consultation du panier" name="[U9]Modification des articles du panier" time="13.189035">
        <system-out>
            <![CDATA[Given j ouvre l application practice.automationtesting......................passed
When j accède la page My Account............................................passed
And je saisis un login "poecgroupe4@yopmail.com"............................passed
And je saisis un mot de passe "Cd_groupe4"..................................passed
And je clique sur LOGIN.....................................................passed
And la page Dashbord saffiche...............................................passed
And je clique sur la page shop..............................................passed
And je clique sur le lien ADD TO BASKET.....................................passed
And je clique sur le bouton panier..........................................passed
And l affichage de page panier..............................................passed
And je verifie l affichage des articles ajouteée............................passed
And je verfie  la quantité..................................................passed
And je modifie la quantité d un article par le champs quantité "8"..........passed
And And je clique sur le bouton Update Basket...............................passed
Then la quantité de l'article est modifié...................................passed
]]>
        </system-out>
    </testcase>
</testsuite>
